<?xml version="1.0" encoding="UTF-8"?>
<!-- Generated by org.testng.reporters.JUnitReportReporter -->
<testsuite skipped="0" hostname="myMacs-MacBook-Pro.local" name="com.ss.SearchTest" tests="4" failures="0" timestamp="25 Feb 2018 09:15:58 GMT" time="29.614" errors="0">
  <testcase name="searchForItem" time="5.776" classname="com.ss.SearchTest"/>
  <testcase name="searchForItem" time="6.327" classname="com.ss.SearchTest"/>
  <testcase name="addToFavoritesTest" time="9.279" classname="com.ss.SearchTest"/>
  <testcase name="addToFavoritesTest" time="8.232" classname="com.ss.SearchTest"/>
</testsuite> <!-- com.ss.SearchTest -->
