<?xml version="1.0" encoding="UTF-8"?>
<!-- Generated by org.testng.reporters.JUnitReportReporter -->
<testsuite skipped="0" hostname="myMacs-MacBook-Pro.local" name="com.ss.SearchTest" tests="4" failures="0" timestamp="25 Feb 2018 16:10:23 GMT" time="31.793" errors="0">
  <testcase name="addToFavoritesTest" time="7.722" classname="com.ss.SearchTest"/>
  <testcase name="searchForItem" time="9.984" classname="com.ss.SearchTest"/>
  <testcase name="searchForItem" time="6.373" classname="com.ss.SearchTest"/>
  <testcase name="addToFavoritesTest" time="7.714" classname="com.ss.SearchTest"/>
</testsuite> <!-- com.ss.SearchTest -->
