<?xml version="1.0" encoding="UTF-8"?>
<!-- Generated by org.testng.reporters.JUnitReportReporter -->
<testsuite skipped="0" hostname="myMacs-MacBook-Pro.local" name="com.ss.SearchTest" tests="2" failures="0" timestamp="15 Feb 2018 20:57:03 GMT" time="31.463" errors="0">
  <testcase name="searchForItem" time="12.226" classname="com.ss.SearchTest"/>
  <testcase name="addToFavoritesTest" time="19.237" classname="com.ss.SearchTest"/>
</testsuite> <!-- com.ss.SearchTest -->
