<?xml version="1.0" encoding="UTF-8"?>
<!-- Generated by org.testng.reporters.JUnitReportReporter -->
<testsuite skipped="0" hostname="myMacs-MacBook-Pro.local" name="com.ss.SearchTest" tests="4" failures="0" timestamp="24 Mar 2018 18:02:00 GMT" time="40.963" errors="0">
  <testcase name="addToFavoritesTest" time="11.146" classname="com.ss.SearchTest"/>
  <testcase name="searchForItem" time="9.635" classname="com.ss.SearchTest"/>
  <testcase name="searchForItem" time="9.066" classname="com.ss.SearchTest"/>
  <testcase name="addToFavoritesTest" time="11.116" classname="com.ss.SearchTest"/>
</testsuite> <!-- com.ss.SearchTest -->
