<?xml version="1.0" encoding="UTF-8"?>
<!-- Generated by org.testng.reporters.JUnitReportReporter -->
<testsuite skipped="0" hostname="myMacs-MacBook-Pro.local" name="com.ss.SearchTest" tests="2" failures="0" timestamp="15 Feb 2018 21:21:12 GMT" time="17.177" errors="0">
  <testcase name="searchForItem" time="7.782" classname="com.ss.SearchTest"/>
  <testcase name="addToFavoritesTest" time="9.395" classname="com.ss.SearchTest"/>
</testsuite> <!-- com.ss.SearchTest -->
