<?xml version="1.0" encoding="UTF-8"?>
<!-- Generated by org.testng.reporters.JUnitReportReporter -->
<testsuite skipped="0" hostname="myMacs-MacBook-Pro.local" name="com.ss.SearchTest" tests="2" failures="0" timestamp="16 Feb 2018 17:14:22 GMT" time="17.885" errors="0">
  <testcase name="searchForItem" time="8.901" classname="com.ss.SearchTest"/>
  <testcase name="addToFavoritesTest" time="8.984" classname="com.ss.SearchTest"/>
</testsuite> <!-- com.ss.SearchTest -->
